<?xml version="1.0" encoding="UTF-8"?>
<testsuite xmlns:xsi="http://www.w3.org/2001/XMLSchema-instance" xsi:noNamespaceSchemaLocation="https://maven.apache.org/surefire/maven-surefire-plugin/xsd/surefire-test-report-3.0.xsd" version="3.0" name="backend.backend.BackendApplicationTests" time="2.046" tests="1" errors="0" skipped="0" failures="0">
  <properties>
    <property name="java.specification.version" value="21"/>
    <property name="sun.jnu.encoding" value="UTF-8"/>
    <property name="java.class.path" value="/Users/nikolaybelorusov/Dev/MAGAZINE/magazine/backend/target/test-classes:/Users/nikolaybelorusov/Dev/MAGAZINE/magazine/backend/target/classes:/Users/nikolaybelorusov/.m2/repository/org/springframework/boot/spring-boot-starter-data-jpa/3.3.0-M1/spring-boot-starter-data-jpa-3.3.0-M1.jar:/Users/nikolaybelorusov/.m2/repository/org/springframework/boot/spring-boot-starter-aop/3.3.0-M1/spring-boot-starter-aop-3.3.0-M1.jar:/Users/nikolaybelorusov/.m2/repository/org/springframework/spring-aop/6.1.3/spring-aop-6.1.3.jar:/Users/nikolaybelorusov/.m2/repository/org/aspectj/aspectjweaver/1.9.21/aspectjweaver-1.9.21.jar:/Users/nikolaybelorusov/.m2/repository/org/springframework/boot/spring-boot-starter-jdbc/3.3.0-M1/spring-boot-starter-jdbc-3.3.0-M1.jar:/Users/nikolaybelorusov/.m2/repository/com/zaxxer/HikariCP/5.1.0/HikariCP-5.1.0.jar:/Users/nikolaybelorusov/.m2/repository/org/springframework/spring-jdbc/6.1.3/spring-jdbc-6.1.3.jar:/Users/nikolaybelorusov/.m2/repository/org/hibernate/orm/hibernate-core/6.4.1.Final/hibernate-core-6.4.1.Final.jar:/Users/nikolaybelorusov/.m2/repository/jakarta/persistence/jakarta.persistence-api/3.1.0/jakarta.persistence-api-3.1.0.jar:/Users/nikolaybelorusov/.m2/repository/jakarta/transaction/jakarta.transaction-api/2.0.1/jakarta.transaction-api-2.0.1.jar:/Users/nikolaybelorusov/.m2/repository/io/smallrye/jandex/3.1.2/jandex-3.1.2.jar:/Users/nikolaybelorusov/.m2/repository/jakarta/inject/jakarta.inject-api/2.0.1/jakarta.inject-api-2.0.1.jar:/Users/nikolaybelorusov/.m2/repository/org/antlr/antlr4-runtime/4.13.0/antlr4-runtime-4.13.0.jar:/Users/nikolaybelorusov/.m2/repository/org/springframework/data/spring-data-jpa/3.2.2/spring-data-jpa-3.2.2.jar:/Users/nikolaybelorusov/.m2/repository/org/springframework/data/spring-data-commons/3.2.2/spring-data-commons-3.2.2.jar:/Users/nikolaybelorusov/.m2/repository/org/springframework/spring-orm/6.1.3/spring-orm-6.1.3.jar:/Users/nikolaybelorusov/.m2/repository/org/springframework/spring-context/6.1.3/spring-context-6.1.3.jar:/Users/nikolaybelorusov/.m2/repository/org/springframework/spring-tx/6.1.3/spring-tx-6.1.3.jar:/Users/nikolaybelorusov/.m2/repository/org/springframework/spring-beans/6.1.3/spring-beans-6.1.3.jar:/Users/nikolaybelorusov/.m2/repository/jakarta/annotation/jakarta.annotation-api/2.1.1/jakarta.annotation-api-2.1.1.jar:/Users/nikolaybelorusov/.m2/repository/org/slf4j/slf4j-api/2.0.11/slf4j-api-2.0.11.jar:/Users/nikolaybelorusov/.m2/repository/org/springframework/spring-aspects/6.1.3/spring-aspects-6.1.3.jar:/Users/nikolaybelorusov/.m2/repository/org/springframework/boot/spring-boot-starter-web/3.3.0-M1/spring-boot-starter-web-3.3.0-M1.jar:/Users/nikolaybelorusov/.m2/repository/org/springframework/boot/spring-boot-starter/3.3.0-M1/spring-boot-starter-3.3.0-M1.jar:/Users/nikolaybelorusov/.m2/repository/org/springframework/boot/spring-boot/3.3.0-M1/spring-boot-3.3.0-M1.jar:/Users/nikolaybelorusov/.m2/repository/org/springframework/boot/spring-boot-autoconfigure/3.3.0-M1/spring-boot-autoconfigure-3.3.0-M1.jar:/Users/nikolaybelorusov/.m2/repository/org/springframework/boot/spring-boot-starter-logging/3.3.0-M1/spring-boot-starter-logging-3.3.0-M1.jar:/Users/nikolaybelorusov/.m2/repository/ch/qos/logback/logback-classic/1.4.14/logback-classic-1.4.14.jar:/Users/nikolaybelorusov/.m2/repository/ch/qos/logback/logback-core/1.4.14/logback-core-1.4.14.jar:/Users/nikolaybelorusov/.m2/repository/org/apache/logging/log4j/log4j-to-slf4j/2.22.1/log4j-to-slf4j-2.22.1.jar:/Users/nikolaybelorusov/.m2/repository/org/apache/logging/log4j/log4j-api/2.22.1/log4j-api-2.22.1.jar:/Users/nikolaybelorusov/.m2/repository/org/slf4j/jul-to-slf4j/2.0.11/jul-to-slf4j-2.0.11.jar:/Users/nikolaybelorusov/.m2/repository/org/yaml/snakeyaml/2.2/snakeyaml-2.2.jar:/Users/nikolaybelorusov/.m2/repository/org/springframework/boot/spring-boot-starter-json/3.3.0-M1/spring-boot-starter-json-3.3.0-M1.jar:/Users/nikolaybelorusov/.m2/repository/com/fasterxml/jackson/core/jackson-databind/2.16.1/jackson-databind-2.16.1.jar:/Users/nikolaybelorusov/.m2/repository/com/fasterxml/jackson/core/jackson-annotations/2.16.1/jackson-annotations-2.16.1.jar:/Users/nikolaybelorusov/.m2/repository/com/fasterxml/jackson/core/jackson-core/2.16.1/jackson-core-2.16.1.jar:/Users/nikolaybelorusov/.m2/repository/com/fasterxml/jackson/datatype/jackson-datatype-jdk8/2.16.1/jackson-datatype-jdk8-2.16.1.jar:/Users/nikolaybelorusov/.m2/repository/com/fasterxml/jackson/datatype/jackson-datatype-jsr310/2.16.1/jackson-datatype-jsr310-2.16.1.jar:/Users/nikolaybelorusov/.m2/repository/com/fasterxml/jackson/module/jackson-module-parameter-names/2.16.1/jackson-module-parameter-names-2.16.1.jar:/Users/nikolaybelorusov/.m2/repository/org/springframework/boot/spring-boot-starter-tomcat/3.3.0-M1/spring-boot-starter-tomcat-3.3.0-M1.jar:/Users/nikolaybelorusov/.m2/repository/org/apache/tomcat/embed/tomcat-embed-core/10.1.18/tomcat-embed-core-10.1.18.jar:/Users/nikolaybelorusov/.m2/repository/org/apache/tomcat/embed/tomcat-embed-websocket/10.1.18/tomcat-embed-websocket-10.1.18.jar:/Users/nikolaybelorusov/.m2/repository/org/springframework/spring-web/6.1.3/spring-web-6.1.3.jar:/Users/nikolaybelorusov/.m2/repository/io/micrometer/micrometer-observation/1.12.2/micrometer-observation-1.12.2.jar:/Users/nikolaybelorusov/.m2/repository/io/micrometer/micrometer-commons/1.12.2/micrometer-commons-1.12.2.jar:/Users/nikolaybelorusov/.m2/repository/org/springframework/spring-webmvc/6.1.3/spring-webmvc-6.1.3.jar:/Users/nikolaybelorusov/.m2/repository/org/springframework/spring-expression/6.1.3/spring-expression-6.1.3.jar:/Users/nikolaybelorusov/.m2/repository/org/springframework/boot/spring-boot-starter-test/3.3.0-M1/spring-boot-starter-test-3.3.0-M1.jar:/Users/nikolaybelorusov/.m2/repository/org/springframework/boot/spring-boot-test/3.3.0-M1/spring-boot-test-3.3.0-M1.jar:/Users/nikolaybelorusov/.m2/repository/org/springframework/boot/spring-boot-test-autoconfigure/3.3.0-M1/spring-boot-test-autoconfigure-3.3.0-M1.jar:/Users/nikolaybelorusov/.m2/repository/com/jayway/jsonpath/json-path/2.8.0/json-path-2.8.0.jar:/Users/nikolaybelorusov/.m2/repository/jakarta/xml/bind/jakarta.xml.bind-api/4.0.1/jakarta.xml.bind-api-4.0.1.jar:/Users/nikolaybelorusov/.m2/repository/jakarta/activation/jakarta.activation-api/2.1.2/jakarta.activation-api-2.1.2.jar:/Users/nikolaybelorusov/.m2/repository/net/minidev/json-smart/2.5.0/json-smart-2.5.0.jar:/Users/nikolaybelorusov/.m2/repository/net/minidev/accessors-smart/2.5.0/accessors-smart-2.5.0.jar:/Users/nikolaybelorusov/.m2/repository/org/ow2/asm/asm/9.3/asm-9.3.jar:/Users/nikolaybelorusov/.m2/repository/org/assertj/assertj-core/3.25.1/assertj-core-3.25.1.jar:/Users/nikolaybelorusov/.m2/repository/org/awaitility/awaitility/4.2.0/awaitility-4.2.0.jar:/Users/nikolaybelorusov/.m2/repository/org/hamcrest/hamcrest/2.2/hamcrest-2.2.jar:/Users/nikolaybelorusov/.m2/repository/org/junit/jupiter/junit-jupiter/5.10.1/junit-jupiter-5.10.1.jar:/Users/nikolaybelorusov/.m2/repository/org/junit/jupiter/junit-jupiter-api/5.10.1/junit-jupiter-api-5.10.1.jar:/Users/nikolaybelorusov/.m2/repository/org/opentest4j/opentest4j/1.3.0/opentest4j-1.3.0.jar:/Users/nikolaybelorusov/.m2/repository/org/junit/platform/junit-platform-commons/1.10.1/junit-platform-commons-1.10.1.jar:/Users/nikolaybelorusov/.m2/repository/org/apiguardian/apiguardian-api/1.1.2/apiguardian-api-1.1.2.jar:/Users/nikolaybelorusov/.m2/repository/org/junit/jupiter/junit-jupiter-params/5.10.1/junit-jupiter-params-5.10.1.jar:/Users/nikolaybelorusov/.m2/repository/org/junit/jupiter/junit-jupiter-engine/5.10.1/junit-jupiter-engine-5.10.1.jar:/Users/nikolaybelorusov/.m2/repository/org/junit/platform/junit-platform-engine/1.10.1/junit-platform-engine-1.10.1.jar:/Users/nikolaybelorusov/.m2/repository/org/mockito/mockito-core/5.9.0/mockito-core-5.9.0.jar:/Users/nikolaybelorusov/.m2/repository/net/bytebuddy/byte-buddy-agent/1.14.11/byte-buddy-agent-1.14.11.jar:/Users/nikolaybelorusov/.m2/repository/org/objenesis/objenesis/3.3/objenesis-3.3.jar:/Users/nikolaybelorusov/.m2/repository/org/mockito/mockito-junit-jupiter/5.9.0/mockito-junit-jupiter-5.9.0.jar:/Users/nikolaybelorusov/.m2/repository/org/skyscreamer/jsonassert/1.5.1/jsonassert-1.5.1.jar:/Users/nikolaybelorusov/.m2/repository/com/vaadin/external/google/android-json/0.0.20131108.vaadin1/android-json-0.0.20131108.vaadin1.jar:/Users/nikolaybelorusov/.m2/repository/org/springframework/spring-core/6.1.3/spring-core-6.1.3.jar:/Users/nikolaybelorusov/.m2/repository/org/springframework/spring-jcl/6.1.3/spring-jcl-6.1.3.jar:/Users/nikolaybelorusov/.m2/repository/org/springframework/spring-test/6.1.3/spring-test-6.1.3.jar:/Users/nikolaybelorusov/.m2/repository/org/xmlunit/xmlunit-core/2.9.1/xmlunit-core-2.9.1.jar:/Users/nikolaybelorusov/.m2/repository/com/h2database/h2/2.2.224/h2-2.2.224.jar:/Users/nikolaybelorusov/.m2/repository/org/springframework/boot/spring-boot-starter-validation/3.3.0-M1/spring-boot-starter-validation-3.3.0-M1.jar:/Users/nikolaybelorusov/.m2/repository/org/apache/tomcat/embed/tomcat-embed-el/10.1.18/tomcat-embed-el-10.1.18.jar:/Users/nikolaybelorusov/.m2/repository/org/hibernate/validator/hibernate-validator/8.0.1.Final/hibernate-validator-8.0.1.Final.jar:/Users/nikolaybelorusov/.m2/repository/jakarta/validation/jakarta.validation-api/3.0.2/jakarta.validation-api-3.0.2.jar:/Users/nikolaybelorusov/.m2/repository/javax/persistence/javax.persistence-api/2.2/javax.persistence-api-2.2.jar:/Users/nikolaybelorusov/.m2/repository/org/hibernate/hibernate-core/5.6.5.Final/hibernate-core-5.6.5.Final.jar:/Users/nikolaybelorusov/.m2/repository/org/jboss/logging/jboss-logging/3.5.3.Final/jboss-logging-3.5.3.Final.jar:/Users/nikolaybelorusov/.m2/repository/net/bytebuddy/byte-buddy/1.14.11/byte-buddy-1.14.11.jar:/Users/nikolaybelorusov/.m2/repository/antlr/antlr/2.7.7/antlr-2.7.7.jar:/Users/nikolaybelorusov/.m2/repository/org/jboss/spec/javax/transaction/jboss-transaction-api_1.2_spec/1.1.1.Final/jboss-transaction-api_1.2_spec-1.1.1.Final.jar:/Users/nikolaybelorusov/.m2/repository/org/jboss/jandex/2.4.2.Final/jandex-2.4.2.Final.jar:/Users/nikolaybelorusov/.m2/repository/com/fasterxml/classmate/1.7.0/classmate-1.7.0.jar:/Users/nikolaybelorusov/.m2/repository/javax/activation/javax.activation-api/1.2.0/javax.activation-api-1.2.0.jar:/Users/nikolaybelorusov/.m2/repository/org/hibernate/common/hibernate-commons-annotations/5.1.2.Final/hibernate-commons-annotations-5.1.2.Final.jar:/Users/nikolaybelorusov/.m2/repository/javax/xml/bind/jaxb-api/2.3.1/jaxb-api-2.3.1.jar:/Users/nikolaybelorusov/.m2/repository/org/glassfish/jaxb/jaxb-runtime/4.0.4/jaxb-runtime-4.0.4.jar:/Users/nikolaybelorusov/.m2/repository/org/glassfish/jaxb/jaxb-core/4.0.4/jaxb-core-4.0.4.jar:/Users/nikolaybelorusov/.m2/repository/org/eclipse/angus/angus-activation/2.0.1/angus-activation-2.0.1.jar:/Users/nikolaybelorusov/.m2/repository/org/glassfish/jaxb/txw2/4.0.4/txw2-4.0.4.jar:/Users/nikolaybelorusov/.m2/repository/com/sun/istack/istack-commons-runtime/4.1.2/istack-commons-runtime-4.1.2.jar:"/>
    <property name="java.vm.vendor" value="Homebrew"/>
    <property name="sun.arch.data.model" value="64"/>
    <property name="java.vendor.url" value="https://github.com/Homebrew/homebrew-core/issues"/>
    <property name="user.timezone" value="Europe/Moscow"/>
    <property name="org.jboss.logging.provider" value="slf4j"/>
    <property name="os.name" value="Mac OS X"/>
    <property name="java.vm.specification.version" value="21"/>
    <property name="sun.java.launcher" value="SUN_STANDARD"/>
    <property name="user.country" value="RU"/>
    <property name="sun.boot.library.path" value="/opt/homebrew/Cellar/openjdk/21.0.2/libexec/openjdk.jdk/Contents/Home/lib"/>
    <property name="sun.java.command" value="/Users/nikolaybelorusov/Dev/MAGAZINE/magazine/backend/target/surefire/surefirebooter-20240301140646604_3.jar /Users/nikolaybelorusov/Dev/MAGAZINE/magazine/backend/target/surefire 2024-03-01T14-06-46_556-jvmRun1 surefire-20240301140646604_1tmp surefire_0-20240301140646604_2tmp"/>
    <property name="http.nonProxyHosts" value="local|*.local|169.254/16|*.169.254/16"/>
    <property name="jdk.debug" value="release"/>
    <property name="surefire.test.class.path" value="/Users/nikolaybelorusov/Dev/MAGAZINE/magazine/backend/target/test-classes:/Users/nikolaybelorusov/Dev/MAGAZINE/magazine/backend/target/classes:/Users/nikolaybelorusov/.m2/repository/org/springframework/boot/spring-boot-starter-data-jpa/3.3.0-M1/spring-boot-starter-data-jpa-3.3.0-M1.jar:/Users/nikolaybelorusov/.m2/repository/org/springframework/boot/spring-boot-starter-aop/3.3.0-M1/spring-boot-starter-aop-3.3.0-M1.jar:/Users/nikolaybelorusov/.m2/repository/org/springframework/spring-aop/6.1.3/spring-aop-6.1.3.jar:/Users/nikolaybelorusov/.m2/repository/org/aspectj/aspectjweaver/1.9.21/aspectjweaver-1.9.21.jar:/Users/nikolaybelorusov/.m2/repository/org/springframework/boot/spring-boot-starter-jdbc/3.3.0-M1/spring-boot-starter-jdbc-3.3.0-M1.jar:/Users/nikolaybelorusov/.m2/repository/com/zaxxer/HikariCP/5.1.0/HikariCP-5.1.0.jar:/Users/nikolaybelorusov/.m2/repository/org/springframework/spring-jdbc/6.1.3/spring-jdbc-6.1.3.jar:/Users/nikolaybelorusov/.m2/repository/org/hibernate/orm/hibernate-core/6.4.1.Final/hibernate-core-6.4.1.Final.jar:/Users/nikolaybelorusov/.m2/repository/jakarta/persistence/jakarta.persistence-api/3.1.0/jakarta.persistence-api-3.1.0.jar:/Users/nikolaybelorusov/.m2/repository/jakarta/transaction/jakarta.transaction-api/2.0.1/jakarta.transaction-api-2.0.1.jar:/Users/nikolaybelorusov/.m2/repository/io/smallrye/jandex/3.1.2/jandex-3.1.2.jar:/Users/nikolaybelorusov/.m2/repository/jakarta/inject/jakarta.inject-api/2.0.1/jakarta.inject-api-2.0.1.jar:/Users/nikolaybelorusov/.m2/repository/org/antlr/antlr4-runtime/4.13.0/antlr4-runtime-4.13.0.jar:/Users/nikolaybelorusov/.m2/repository/org/springframework/data/spring-data-jpa/3.2.2/spring-data-jpa-3.2.2.jar:/Users/nikolaybelorusov/.m2/repository/org/springframework/data/spring-data-commons/3.2.2/spring-data-commons-3.2.2.jar:/Users/nikolaybelorusov/.m2/repository/org/springframework/spring-orm/6.1.3/spring-orm-6.1.3.jar:/Users/nikolaybelorusov/.m2/repository/org/springframework/spring-context/6.1.3/spring-context-6.1.3.jar:/Users/nikolaybelorusov/.m2/repository/org/springframework/spring-tx/6.1.3/spring-tx-6.1.3.jar:/Users/nikolaybelorusov/.m2/repository/org/springframework/spring-beans/6.1.3/spring-beans-6.1.3.jar:/Users/nikolaybelorusov/.m2/repository/jakarta/annotation/jakarta.annotation-api/2.1.1/jakarta.annotation-api-2.1.1.jar:/Users/nikolaybelorusov/.m2/repository/org/slf4j/slf4j-api/2.0.11/slf4j-api-2.0.11.jar:/Users/nikolaybelorusov/.m2/repository/org/springframework/spring-aspects/6.1.3/spring-aspects-6.1.3.jar:/Users/nikolaybelorusov/.m2/repository/org/springframework/boot/spring-boot-starter-web/3.3.0-M1/spring-boot-starter-web-3.3.0-M1.jar:/Users/nikolaybelorusov/.m2/repository/org/springframework/boot/spring-boot-starter/3.3.0-M1/spring-boot-starter-3.3.0-M1.jar:/Users/nikolaybelorusov/.m2/repository/org/springframework/boot/spring-boot/3.3.0-M1/spring-boot-3.3.0-M1.jar:/Users/nikolaybelorusov/.m2/repository/org/springframework/boot/spring-boot-autoconfigure/3.3.0-M1/spring-boot-autoconfigure-3.3.0-M1.jar:/Users/nikolaybelorusov/.m2/repository/org/springframework/boot/spring-boot-starter-logging/3.3.0-M1/spring-boot-starter-logging-3.3.0-M1.jar:/Users/nikolaybelorusov/.m2/repository/ch/qos/logback/logback-classic/1.4.14/logback-classic-1.4.14.jar:/Users/nikolaybelorusov/.m2/repository/ch/qos/logback/logback-core/1.4.14/logback-core-1.4.14.jar:/Users/nikolaybelorusov/.m2/repository/org/apache/logging/log4j/log4j-to-slf4j/2.22.1/log4j-to-slf4j-2.22.1.jar:/Users/nikolaybelorusov/.m2/repository/org/apache/logging/log4j/log4j-api/2.22.1/log4j-api-2.22.1.jar:/Users/nikolaybelorusov/.m2/repository/org/slf4j/jul-to-slf4j/2.0.11/jul-to-slf4j-2.0.11.jar:/Users/nikolaybelorusov/.m2/repository/org/yaml/snakeyaml/2.2/snakeyaml-2.2.jar:/Users/nikolaybelorusov/.m2/repository/org/springframework/boot/spring-boot-starter-json/3.3.0-M1/spring-boot-starter-json-3.3.0-M1.jar:/Users/nikolaybelorusov/.m2/repository/com/fasterxml/jackson/core/jackson-databind/2.16.1/jackson-databind-2.16.1.jar:/Users/nikolaybelorusov/.m2/repository/com/fasterxml/jackson/core/jackson-annotations/2.16.1/jackson-annotations-2.16.1.jar:/Users/nikolaybelorusov/.m2/repository/com/fasterxml/jackson/core/jackson-core/2.16.1/jackson-core-2.16.1.jar:/Users/nikolaybelorusov/.m2/repository/com/fasterxml/jackson/datatype/jackson-datatype-jdk8/2.16.1/jackson-datatype-jdk8-2.16.1.jar:/Users/nikolaybelorusov/.m2/repository/com/fasterxml/jackson/datatype/jackson-datatype-jsr310/2.16.1/jackson-datatype-jsr310-2.16.1.jar:/Users/nikolaybelorusov/.m2/repository/com/fasterxml/jackson/module/jackson-module-parameter-names/2.16.1/jackson-module-parameter-names-2.16.1.jar:/Users/nikolaybelorusov/.m2/repository/org/springframework/boot/spring-boot-starter-tomcat/3.3.0-M1/spring-boot-starter-tomcat-3.3.0-M1.jar:/Users/nikolaybelorusov/.m2/repository/org/apache/tomcat/embed/tomcat-embed-core/10.1.18/tomcat-embed-core-10.1.18.jar:/Users/nikolaybelorusov/.m2/repository/org/apache/tomcat/embed/tomcat-embed-websocket/10.1.18/tomcat-embed-websocket-10.1.18.jar:/Users/nikolaybelorusov/.m2/repository/org/springframework/spring-web/6.1.3/spring-web-6.1.3.jar:/Users/nikolaybelorusov/.m2/repository/io/micrometer/micrometer-observation/1.12.2/micrometer-observation-1.12.2.jar:/Users/nikolaybelorusov/.m2/repository/io/micrometer/micrometer-commons/1.12.2/micrometer-commons-1.12.2.jar:/Users/nikolaybelorusov/.m2/repository/org/springframework/spring-webmvc/6.1.3/spring-webmvc-6.1.3.jar:/Users/nikolaybelorusov/.m2/repository/org/springframework/spring-expression/6.1.3/spring-expression-6.1.3.jar:/Users/nikolaybelorusov/.m2/repository/org/springframework/boot/spring-boot-starter-test/3.3.0-M1/spring-boot-starter-test-3.3.0-M1.jar:/Users/nikolaybelorusov/.m2/repository/org/springframework/boot/spring-boot-test/3.3.0-M1/spring-boot-test-3.3.0-M1.jar:/Users/nikolaybelorusov/.m2/repository/org/springframework/boot/spring-boot-test-autoconfigure/3.3.0-M1/spring-boot-test-autoconfigure-3.3.0-M1.jar:/Users/nikolaybelorusov/.m2/repository/com/jayway/jsonpath/json-path/2.8.0/json-path-2.8.0.jar:/Users/nikolaybelorusov/.m2/repository/jakarta/xml/bind/jakarta.xml.bind-api/4.0.1/jakarta.xml.bind-api-4.0.1.jar:/Users/nikolaybelorusov/.m2/repository/jakarta/activation/jakarta.activation-api/2.1.2/jakarta.activation-api-2.1.2.jar:/Users/nikolaybelorusov/.m2/repository/net/minidev/json-smart/2.5.0/json-smart-2.5.0.jar:/Users/nikolaybelorusov/.m2/repository/net/minidev/accessors-smart/2.5.0/accessors-smart-2.5.0.jar:/Users/nikolaybelorusov/.m2/repository/org/ow2/asm/asm/9.3/asm-9.3.jar:/Users/nikolaybelorusov/.m2/repository/org/assertj/assertj-core/3.25.1/assertj-core-3.25.1.jar:/Users/nikolaybelorusov/.m2/repository/org/awaitility/awaitility/4.2.0/awaitility-4.2.0.jar:/Users/nikolaybelorusov/.m2/repository/org/hamcrest/hamcrest/2.2/hamcrest-2.2.jar:/Users/nikolaybelorusov/.m2/repository/org/junit/jupiter/junit-jupiter/5.10.1/junit-jupiter-5.10.1.jar:/Users/nikolaybelorusov/.m2/repository/org/junit/jupiter/junit-jupiter-api/5.10.1/junit-jupiter-api-5.10.1.jar:/Users/nikolaybelorusov/.m2/repository/org/opentest4j/opentest4j/1.3.0/opentest4j-1.3.0.jar:/Users/nikolaybelorusov/.m2/repository/org/junit/platform/junit-platform-commons/1.10.1/junit-platform-commons-1.10.1.jar:/Users/nikolaybelorusov/.m2/repository/org/apiguardian/apiguardian-api/1.1.2/apiguardian-api-1.1.2.jar:/Users/nikolaybelorusov/.m2/repository/org/junit/jupiter/junit-jupiter-params/5.10.1/junit-jupiter-params-5.10.1.jar:/Users/nikolaybelorusov/.m2/repository/org/junit/jupiter/junit-jupiter-engine/5.10.1/junit-jupiter-engine-5.10.1.jar:/Users/nikolaybelorusov/.m2/repository/org/junit/platform/junit-platform-engine/1.10.1/junit-platform-engine-1.10.1.jar:/Users/nikolaybelorusov/.m2/repository/org/mockito/mockito-core/5.9.0/mockito-core-5.9.0.jar:/Users/nikolaybelorusov/.m2/repository/net/bytebuddy/byte-buddy-agent/1.14.11/byte-buddy-agent-1.14.11.jar:/Users/nikolaybelorusov/.m2/repository/org/objenesis/objenesis/3.3/objenesis-3.3.jar:/Users/nikolaybelorusov/.m2/repository/org/mockito/mockito-junit-jupiter/5.9.0/mockito-junit-jupiter-5.9.0.jar:/Users/nikolaybelorusov/.m2/repository/org/skyscreamer/jsonassert/1.5.1/jsonassert-1.5.1.jar:/Users/nikolaybelorusov/.m2/repository/com/vaadin/external/google/android-json/0.0.20131108.vaadin1/android-json-0.0.20131108.vaadin1.jar:/Users/nikolaybelorusov/.m2/repository/org/springframework/spring-core/6.1.3/spring-core-6.1.3.jar:/Users/nikolaybelorusov/.m2/repository/org/springframework/spring-jcl/6.1.3/spring-jcl-6.1.3.jar:/Users/nikolaybelorusov/.m2/repository/org/springframework/spring-test/6.1.3/spring-test-6.1.3.jar:/Users/nikolaybelorusov/.m2/repository/org/xmlunit/xmlunit-core/2.9.1/xmlunit-core-2.9.1.jar:/Users/nikolaybelorusov/.m2/repository/com/h2database/h2/2.2.224/h2-2.2.224.jar:/Users/nikolaybelorusov/.m2/repository/org/springframework/boot/spring-boot-starter-validation/3.3.0-M1/spring-boot-starter-validation-3.3.0-M1.jar:/Users/nikolaybelorusov/.m2/repository/org/apache/tomcat/embed/tomcat-embed-el/10.1.18/tomcat-embed-el-10.1.18.jar:/Users/nikolaybelorusov/.m2/repository/org/hibernate/validator/hibernate-validator/8.0.1.Final/hibernate-validator-8.0.1.Final.jar:/Users/nikolaybelorusov/.m2/repository/jakarta/validation/jakarta.validation-api/3.0.2/jakarta.validation-api-3.0.2.jar:/Users/nikolaybelorusov/.m2/repository/javax/persistence/javax.persistence-api/2.2/javax.persistence-api-2.2.jar:/Users/nikolaybelorusov/.m2/repository/org/hibernate/hibernate-core/5.6.5.Final/hibernate-core-5.6.5.Final.jar:/Users/nikolaybelorusov/.m2/repository/org/jboss/logging/jboss-logging/3.5.3.Final/jboss-logging-3.5.3.Final.jar:/Users/nikolaybelorusov/.m2/repository/net/bytebuddy/byte-buddy/1.14.11/byte-buddy-1.14.11.jar:/Users/nikolaybelorusov/.m2/repository/antlr/antlr/2.7.7/antlr-2.7.7.jar:/Users/nikolaybelorusov/.m2/repository/org/jboss/spec/javax/transaction/jboss-transaction-api_1.2_spec/1.1.1.Final/jboss-transaction-api_1.2_spec-1.1.1.Final.jar:/Users/nikolaybelorusov/.m2/repository/org/jboss/jandex/2.4.2.Final/jandex-2.4.2.Final.jar:/Users/nikolaybelorusov/.m2/repository/com/fasterxml/classmate/1.7.0/classmate-1.7.0.jar:/Users/nikolaybelorusov/.m2/repository/javax/activation/javax.activation-api/1.2.0/javax.activation-api-1.2.0.jar:/Users/nikolaybelorusov/.m2/repository/org/hibernate/common/hibernate-commons-annotations/5.1.2.Final/hibernate-commons-annotations-5.1.2.Final.jar:/Users/nikolaybelorusov/.m2/repository/javax/xml/bind/jaxb-api/2.3.1/jaxb-api-2.3.1.jar:/Users/nikolaybelorusov/.m2/repository/org/glassfish/jaxb/jaxb-runtime/4.0.4/jaxb-runtime-4.0.4.jar:/Users/nikolaybelorusov/.m2/repository/org/glassfish/jaxb/jaxb-core/4.0.4/jaxb-core-4.0.4.jar:/Users/nikolaybelorusov/.m2/repository/org/eclipse/angus/angus-activation/2.0.1/angus-activation-2.0.1.jar:/Users/nikolaybelorusov/.m2/repository/org/glassfish/jaxb/txw2/4.0.4/txw2-4.0.4.jar:/Users/nikolaybelorusov/.m2/repository/com/sun/istack/istack-commons-runtime/4.1.2/istack-commons-runtime-4.1.2.jar:"/>
    <property name="sun.cpu.endian" value="little"/>
    <property name="user.home" value="/Users/nikolaybelorusov"/>
    <property name="user.language" value="ru"/>
    <property name="java.specification.vendor" value="Oracle Corporation"/>
    <property name="java.version.date" value="2024-01-16"/>
    <property name="java.home" value="/opt/homebrew/Cellar/openjdk/21.0.2/libexec/openjdk.jdk/Contents/Home"/>
    <property name="file.separator" value="/"/>
    <property name="basedir" value="/Users/nikolaybelorusov/Dev/MAGAZINE/magazine/backend"/>
    <property name="java.vm.compressedOopsMode" value="Zero based"/>
    <property name="line.separator" value="&#10;"/>
    <property name="java.vm.specification.vendor" value="Oracle Corporation"/>
    <property name="java.specification.name" value="Java Platform API Specification"/>
    <property name="FILE_LOG_CHARSET" value="UTF-8"/>
    <property name="java.awt.headless" value="true"/>
    <property name="apple.awt.application.name" value="ForkedBooter"/>
    <property name="surefire.real.class.path" value="/Users/nikolaybelorusov/Dev/MAGAZINE/magazine/backend/target/surefire/surefirebooter-20240301140646604_3.jar"/>
    <property name="sun.management.compiler" value="HotSpot 64-Bit Tiered Compilers"/>
    <property name="ftp.nonProxyHosts" value="local|*.local|169.254/16|*.169.254/16"/>
    <property name="java.runtime.version" value="21.0.2"/>
    <property name="user.name" value="nikolaybelorusov"/>
    <property name="stdout.encoding" value="UTF-8"/>
    <property name="path.separator" value=":"/>
    <property name="os.version" value="12.6.2"/>
    <property name="java.runtime.name" value="OpenJDK Runtime Environment"/>
    <property name="file.encoding" value="UTF-8"/>
    <property name="java.vm.name" value="OpenJDK 64-Bit Server VM"/>
    <property name="java.vendor.version" value="Homebrew"/>
    <property name="localRepository" value="/Users/nikolaybelorusov/.m2/repository"/>
    <property name="java.vendor.url.bug" value="https://github.com/Homebrew/homebrew-core/issues"/>
    <property name="java.io.tmpdir" value="/var/folders/t4/ttmrrhn95yvg1qps5npcr0s40000gn/T/"/>
    <property name="com.zaxxer.hikari.pool_number" value="1"/>
    <property name="java.version" value="21.0.2"/>
    <property name="user.dir" value="/Users/nikolaybelorusov/Dev/MAGAZINE/magazine/backend"/>
    <property name="os.arch" value="aarch64"/>
    <property name="java.vm.specification.name" value="Java Virtual Machine Specification"/>
    <property name="PID" value="93529"/>
    <property name="CONSOLE_LOG_CHARSET" value="UTF-8"/>
    <property name="native.encoding" value="UTF-8"/>
    <property name="java.library.path" value="/Users/nikolaybelorusov/Library/Java/Extensions:/Library/Java/Extensions:/Network/Library/Java/Extensions:/System/Library/Java/Extensions:/usr/lib/java:."/>
    <property name="java.vm.info" value="mixed mode, sharing"/>
    <property name="stderr.encoding" value="UTF-8"/>
    <property name="java.vendor" value="Homebrew"/>
    <property name="java.vm.version" value="21.0.2"/>
    <property name="sun.io.unicode.encoding" value="UnicodeBig"/>
    <property name="socksNonProxyHosts" value="local|*.local|169.254/16|*.169.254/16"/>
    <property name="java.class.version" value="65.0"/>
  </properties>
  <testcase name="contextLoads" classname="backend.backend.BackendApplicationTests" time="0.378">
    <system-out><![CDATA[14:06:47.003 [main] INFO org.springframework.test.context.support.AnnotationConfigContextLoaderUtils -- Could not detect default configuration classes for test class [backend.backend.BackendApplicationTests]: BackendApplicationTests does not declare any static, non-private, non-final, nested classes annotated with @Configuration.
14:06:47.058 [main] INFO org.springframework.boot.test.context.SpringBootTestContextBootstrapper -- Found @SpringBootConfiguration backend.backend.BackendApplication for test class backend.backend.BackendApplicationTests

  .   ____          _            __ _ _
 /\\ / ___'_ __ _ _(_)_ __  __ _ \ \ \ \
( ( )\___ | '_ | '_| | '_ \/ _` | \ \ \ \
 \\/  ___)| |_)| | | | | || (_| |  ) ) ) )
  '  |____| .__|_| |_|_| |_\__, | / / / /
 =========|_|==============|___/=/_/_/_/
 :: Spring Boot ::             (v3.3.0-M1)

2024-03-01T14:06:47.235+03:00  INFO 93529 --- [           main] b.backend.BackendApplicationTests        : Starting BackendApplicationTests using Java 21.0.2 with PID 93529 (started by nikolaybelorusov in /Users/nikolaybelorusov/Dev/MAGAZINE/magazine/backend)
2024-03-01T14:06:47.236+03:00  INFO 93529 --- [           main] b.backend.BackendApplicationTests        : No active profile set, falling back to 1 default profile: "default"
2024-03-01T14:06:47.546+03:00  INFO 93529 --- [           main] .s.d.r.c.RepositoryConfigurationDelegate : Bootstrapping Spring Data JPA repositories in DEFAULT mode.
2024-03-01T14:06:47.554+03:00  INFO 93529 --- [           main] .s.d.r.c.RepositoryConfigurationDelegate : Finished Spring Data repository scanning in 5 ms. Found 0 JPA repository interfaces.
2024-03-01T14:06:47.762+03:00  INFO 93529 --- [           main] o.hibernate.jpa.internal.util.LogHelper  : HHH000204: Processing PersistenceUnitInfo [name: default]
2024-03-01T14:06:47.793+03:00  INFO 93529 --- [           main] org.hibernate.Version                    : HHH000412: Hibernate ORM core version 6.4.1.Final
2024-03-01T14:06:47.812+03:00  INFO 93529 --- [           main] o.h.c.internal.RegionFactoryInitiator    : HHH000026: Second-level cache disabled
2024-03-01T14:06:47.820+03:00  INFO 93529 --- [           main] o.hibernate.annotations.common.Version   : HCANN000001: Hibernate Commons Annotations {5.1.2.Final}
2024-03-01T14:06:47.942+03:00  INFO 93529 --- [           main] o.s.o.j.p.SpringPersistenceUnitInfo      : No LoadTimeWeaver setup: ignoring JPA class transformer
2024-03-01T14:06:47.957+03:00  INFO 93529 --- [           main] com.zaxxer.hikari.HikariDataSource       : HikariPool-1 - Starting...
2024-03-01T14:06:48.068+03:00  INFO 93529 --- [           main] com.zaxxer.hikari.pool.HikariPool        : HikariPool-1 - Added connection conn0: url=jdbc:h2:mem:testdb user=SA
2024-03-01T14:06:48.068+03:00  INFO 93529 --- [           main] com.zaxxer.hikari.HikariDataSource       : HikariPool-1 - Start completed.
2024-03-01T14:06:48.246+03:00  INFO 93529 --- [           main] o.h.e.t.j.p.i.JtaPlatformInitiator       : HHH000489: No JTA platform available (set 'hibernate.transaction.jta.platform' to enable JTA platform integration)
2024-03-01T14:06:48.248+03:00  INFO 93529 --- [           main] j.LocalContainerEntityManagerFactoryBean : Initialized JPA EntityManagerFactory for persistence unit 'default'
2024-03-01T14:06:48.341+03:00  WARN 93529 --- [           main] JpaBaseConfiguration$JpaWebConfiguration : spring.jpa.open-in-view is enabled by default. Therefore, database queries may be performed during view rendering. Explicitly configure spring.jpa.open-in-view to disable this warning
2024-03-01T14:06:48.532+03:00  INFO 93529 --- [           main] o.s.b.a.h2.H2ConsoleAutoConfiguration    : H2 console available at '/h2-console'. Database available at 'jdbc:h2:mem:testdb'
2024-03-01T14:06:48.561+03:00  INFO 93529 --- [           main] b.backend.BackendApplicationTests        : Started BackendApplicationTests in 1.436 seconds (process running for 1.918)
]]></system-out>
    <system-err><![CDATA[WARNING: A Java agent has been loaded dynamically (/Users/nikolaybelorusov/.m2/repository/net/bytebuddy/byte-buddy-agent/1.14.11/byte-buddy-agent-1.14.11.jar)
WARNING: If a serviceability tool is in use, please run with -XX:+EnableDynamicAgentLoading to hide this warning
WARNING: If a serviceability tool is not in use, please run with -Djdk.instrument.traceUsage for more information
WARNING: Dynamic loading of agents will be disallowed by default in a future release
]]></system-err>
  </testcase>
</testsuite>